Der Buildvorgang wurde am 02.12.2010 16:45:19 gestartet.
     1>Projekt "c:\dev\Movid\Movid.VS\Movid\Movid.vcxproj" auf Knoten "2", build Ziel(e).
     1>InitializeBuildStatus:
         "Release\Movid.unsuccessfulbuild" wird erstellt, da "AlwaysCreate" angegeben wurde.
       ClCompile:
         Alle Ausgaben sind aktuell.
         C:\Program Files (x86)\Microsoft Visual Studio 10.0\VC\bin\CL.exe /c /I"C:\dev\Movid\contrib\glut-3.7.6" /IC:\dev\Movid\contrib\cJSON /IC:\dev\Movid\contrib\bitmap_munkres /IC:\dev\Movid\contrib\XgetOpt /IC:\OpenCV2.1\include\opencv /I"C:\dev\Movid\contrib\WOscLib-00.09" /I"C:\dev\Movid\contrib\ptypes-2.1.1\include" /IC:\dev\Movid\contrib\ /I"C:\dev\Movid\contrib\libevent-1.4.13-stable" /I"C:\dev\Movid\contrib\libevent-1.4.13-stable\WIN32-Code" /I"C:\dev\Movid\contrib\libevent-1.4.13-stable\compat" /Zi /nologo /W3 /WX- /O2 /Oi /Oy- /GL /D WIN32 /D NDEBUG /D _CONSOLE /D _MBCS /Gm- /EHsc /MD /GS /Gy /fp:precise /Zc:wchar_t /Zc:forScope /Fo"Release\\" /Fd"Release\vc100.pdb" /Gd /TP /analyze- /errorReport:prompt ..\..\src\modules\moAmplifyModule.cpp
         moAmplifyModule.cpp
       Link:
         C:\Program Files (x86)\Microsoft Visual Studio 10.0\VC\bin\link.exe /ERRORREPORT:PROMPT /OUT:"c:\dev\Movid\Movid.VS\$\..\..\Movid.exe" /INCREMENTAL:NO /NOLOGO /LIBPATH:C:\dev\Movid\src\ofxPS3\lib /LIBPATH:C:\dev\Movid\contrib\lib /LIBPATH:C:\OpenCV2.1\lib\Release cv210.lib highgui210.lib cxcore210.lib cvaux210.lib event.lib fidtrack.lib ptypes.lib wosclib.lib PS3EyeMulticam.lib kernel32.lib user32.lib gdi32.lib winspool.lib comdlg32.lib advapi32.lib shell32.lib ole32.lib oleaut32.lib uuid.lib odbc32.lib odbccp32.lib /MANIFEST /ManifestFile:"Release\Movid.exe.intermediate.manifest" /MANIFESTUAC:"level='asInvoker' uiAccess='false'" /DEBUG /PDB:"c:\dev\Movid\Movid.pdb" /SUBSYSTEM:CONSOLE /OPT:REF /OPT:ICF /LTCG /TLBID:1 /DYNAMICBASE /NXCOMPAT /IMPLIB:"c:\dev\Movid\Movid.VS\$\..\..\Movid.lib" /MACHINE:X86 Release\match.obj
         Release\cJSON.obj
         Release\XGetopt.obj
         Release\moDaemon.obj
         Release\moDataGenericContainer.obj
         Release\moDataStream.obj
         Release\.dummy.obj
         Release\moAbstractBlobTrackerModule.obj
         Release\moAmplifyModule.obj
         Release\moBackgroundSubtractModule.obj
         Release\moBlobFinderModule.obj
         Release\moBlurHighpassModule.obj
         Release\moCalibrationModule.obj
         Release\moCameraModule.obj
         Release\moCannyModule.obj
         Release\moCombineModule.obj
         Release\moDilateModule.obj
         Release\moDistanceTransformModule.obj
         Release\moDumpModule.obj
         Release\moErodeModule.obj
         Release\moFiducialFinderModule.obj
         Release\moFingerTipFinderModule.obj
         Release\moFullscreenCalibrationModule.obj
         Release\moGrayScaleModule.obj
         Release\moGrayToColorModule.obj
         Release\moGreedyBlobTrackerModule.obj
         Release\moHighpassModule.obj
         Release\moHsvModule.obj
         Release\moImageDisplayModule.obj
         Release\moImageFilterModule.obj
         Release\moImageModule.obj
         Release\moInvertModule.obj
         Release\moJustifyModule.obj
         Release\moMaskModule.obj
         Release\moMirrorImageModule.obj
         Release\moMunkresBlobTrackerModule.obj
         Release\moPeakFinderModule.obj
         Release\moPS3EyeModule.obj
         Release\moRoiModule.obj
         Release\moSmoothModule.obj
         Release\moThresholdModule.obj
         Release\moTuio2Module.obj
         Release\moTuioModule.obj
         Release\moVideoModule.obj
         Release\moYCrCbThresholdModule.obj
         Release\moFactory.obj
         Release\moLog.obj
         Release\moModule.obj
         Release\moOSC.obj
         Release\moPipeline.obj
         Release\moProperty.obj
         Release\moThread.obj
         Release\moUtils.obj
         Release\movid.obj
         Code wird generiert.
     1>c:\dev\movid\src\modules\mofingertipfindermodule.cpp(201): warning C4700: Die nicht initialisierte lokale Variable "found_center" wurde verwendet.
         Codegenerierung ist abgeschlossen.
         Movid.vcxproj -> c:\dev\Movid\Movid.VS\$\..\..\Movid.exe
       Manifest:
         C:\Program Files (x86)\Microsoft SDKs\Windows\v7.0A\bin\mt.exe /nologo /verbose /outputresource:"c:\dev\Movid\Movid.VS\$\..\..\Movid.exe;#1" /manifest Release\Movid.exe.intermediate.manifest
       FinalizeBuildStatus:
         Die Datei "Release\Movid.unsuccessfulbuild" wird gelöscht.
         Aktualisieren des Timestamps von "Release\Movid.lastbuildstate".
     1>Die Erstellung des Projekts "c:\dev\Movid\Movid.VS\Movid\Movid.vcxproj" ist abgeschlossen, build Ziel(e).

Das Erstellen war erfolgreich.

Verstrichene Zeit 00:00:10.48
