C:\DEV\MOVID\MOVID.EXE
C:\DEV\MOVID\MOVID.PDB
c:\dev\Movid\Movid.VS\$\..\..\Movid.exe
c:\dev\Movid\Movid.VS\$\..\..\Movid.pdb
C:\DEV\MOVID\MOVID.VS\MOVID\RELEASE\.DUMMY.OBJ
C:\DEV\MOVID\MOVID.VS\MOVID\RELEASE\CJSON.OBJ
c:\dev\Movid\Movid.VS\Movid\Release\cl.command.1.tlog
c:\dev\Movid\Movid.VS\Movid\Release\CL.read.1.tlog
c:\dev\Movid\Movid.VS\Movid\Release\CL.write.1.tlog
c:\dev\Movid\Movid.VS\Movid\Release\link.command.1.tlog
c:\dev\Movid\Movid.VS\Movid\Release\link.read.1.tlog
c:\dev\Movid\Movid.VS\Movid\Release\link.write.1.tlog
C:\DEV\MOVID\MOVID.VS\MOVID\RELEASE\MATCH.OBJ
C:\DEV\MOVID\MOVID.VS\MOVID\RELEASE\MOABSTRACTBLOBTRACKERMODULE.OBJ
C:\DEV\MOVID\MOVID.VS\MOVID\RELEASE\MOAMPLIFYMODULE.OBJ
C:\DEV\MOVID\MOVID.VS\MOVID\RELEASE\MOBACKGROUNDSUBTRACTMODULE.OBJ
C:\DEV\MOVID\MOVID.VS\MOVID\RELEASE\MOBLOBFINDERMODULE.OBJ
C:\DEV\MOVID\MOVID.VS\MOVID\RELEASE\MOCALIBRATIONMODULE.OBJ
C:\DEV\MOVID\MOVID.VS\MOVID\RELEASE\MOCAMERAMODULE.OBJ
C:\DEV\MOVID\MOVID.VS\MOVID\RELEASE\MOCANNYMODULE.OBJ
C:\DEV\MOVID\MOVID.VS\MOVID\RELEASE\MOCOMBINEMODULE.OBJ
C:\DEV\MOVID\MOVID.VS\MOVID\RELEASE\MODAEMON.OBJ
C:\DEV\MOVID\MOVID.VS\MOVID\RELEASE\MODATAGENERICCONTAINER.OBJ
C:\DEV\MOVID\MOVID.VS\MOVID\RELEASE\MODATASTREAM.OBJ
C:\DEV\MOVID\MOVID.VS\MOVID\RELEASE\MODILATEMODULE.OBJ
C:\DEV\MOVID\MOVID.VS\MOVID\RELEASE\MODISTANCETRANSFORMMODULE.OBJ
C:\DEV\MOVID\MOVID.VS\MOVID\RELEASE\MODUMPMODULE.OBJ
C:\DEV\MOVID\MOVID.VS\MOVID\RELEASE\MOERODEMODULE.OBJ
C:\DEV\MOVID\MOVID.VS\MOVID\RELEASE\MOFACTORY.OBJ
C:\DEV\MOVID\MOVID.VS\MOVID\RELEASE\MOFIDUCIALFINDERMODULE.OBJ
C:\DEV\MOVID\MOVID.VS\MOVID\RELEASE\MOFINGERTIPFINDERMODULE.OBJ
C:\DEV\MOVID\MOVID.VS\MOVID\RELEASE\MOGRAYSCALEMODULE.OBJ
C:\DEV\MOVID\MOVID.VS\MOVID\RELEASE\MOGREEDYBLOBTRACKERMODULE.OBJ
C:\DEV\MOVID\MOVID.VS\MOVID\RELEASE\MOHIGHPASSMODULE.OBJ
C:\DEV\MOVID\MOVID.VS\MOVID\RELEASE\MOHSVMODULE.OBJ
C:\DEV\MOVID\MOVID.VS\MOVID\RELEASE\MOIMAGEDISPLAYMODULE.OBJ
C:\DEV\MOVID\MOVID.VS\MOVID\RELEASE\MOIMAGEFILTERMODULE.OBJ
C:\DEV\MOVID\MOVID.VS\MOVID\RELEASE\MOIMAGEMODULE.OBJ
C:\DEV\MOVID\MOVID.VS\MOVID\RELEASE\MOINVERTMODULE.OBJ
C:\DEV\MOVID\MOVID.VS\MOVID\RELEASE\MOJUSTIFYMODULE.OBJ
C:\DEV\MOVID\MOVID.VS\MOVID\RELEASE\MOLOG.OBJ
C:\DEV\MOVID\MOVID.VS\MOVID\RELEASE\MOMASKMODULE.OBJ
C:\DEV\MOVID\MOVID.VS\MOVID\RELEASE\MOMIRRORIMAGEMODULE.OBJ
C:\DEV\MOVID\MOVID.VS\MOVID\RELEASE\MOMODULE.OBJ
C:\DEV\MOVID\MOVID.VS\MOVID\RELEASE\MOMUNKRESBLOBTRACKERMODULE.OBJ
C:\DEV\MOVID\MOVID.VS\MOVID\RELEASE\MOOSC.OBJ
C:\DEV\MOVID\MOVID.VS\MOVID\RELEASE\MOPEAKFINDERMODULE.OBJ
C:\DEV\MOVID\MOVID.VS\MOVID\RELEASE\MOPIPELINE.OBJ
C:\DEV\MOVID\MOVID.VS\MOVID\RELEASE\MOPROPERTY.OBJ
C:\DEV\MOVID\MOVID.VS\MOVID\RELEASE\MOROIMODULE.OBJ
C:\DEV\MOVID\MOVID.VS\MOVID\RELEASE\MOSMOOTHMODULE.OBJ
C:\DEV\MOVID\MOVID.VS\MOVID\RELEASE\MOTHREAD.OBJ
C:\DEV\MOVID\MOVID.VS\MOVID\RELEASE\MOTHRESHOLDMODULE.OBJ
C:\DEV\MOVID\MOVID.VS\MOVID\RELEASE\MOTUIO2MODULE.OBJ
C:\DEV\MOVID\MOVID.VS\MOVID\RELEASE\MOTUIOMODULE.OBJ
C:\DEV\MOVID\MOVID.VS\MOVID\RELEASE\MOUTILS.OBJ
C:\DEV\MOVID\MOVID.VS\MOVID\RELEASE\MOVID.EXE.INTERMEDIATE.MANIFEST
C:\DEV\MOVID\MOVID.VS\MOVID\RELEASE\MOVID.OBJ
C:\DEV\MOVID\MOVID.VS\MOVID\RELEASE\MOVIDEOMODULE.OBJ
C:\DEV\MOVID\MOVID.VS\MOVID\RELEASE\MOYCRCBTHRESHOLDMODULE.OBJ
c:\dev\Movid\Movid.VS\Movid\Release\mt.command.1.tlog
c:\dev\Movid\Movid.VS\Movid\Release\mt.read.1.tlog
c:\dev\Movid\Movid.VS\Movid\Release\mt.write.1.tlog
C:\DEV\MOVID\MOVID.VS\MOVID\RELEASE\VC100.PDB
C:\DEV\MOVID\MOVID.VS\MOVID\RELEASE\XGETOPT.OBJ
C:\DEV\MOVID\MOVID.VS\RELEASE\MOVID.EXE
