Der Buildvorgang wurde am 12.11.2010 17:27:50 gestartet.
     1>Projekt "c:\dev\Movid\Movid.VS\Movid\Movid.vcxproj" auf Knoten "2", build Ziel(e).
     1>InitializeBuildStatus:
         Aktualisieren des Timestamps von "Debug\Movid.unsuccessfulbuild".
       ClCompile:
         Alle Ausgaben sind aktuell.
         C:\Program Files (x86)\Microsoft Visual Studio 10.0\VC\bin\CL.exe /c /IC:\dev\Movid\contrib\cJSON /IC:\dev\Movid\contrib\bitmap_munkres /IC:\dev\Movid\contrib\XgetOpt /IC:\OpenCV2.1\include\opencv /I"C:\dev\Movid\contrib\WOscLib-00.09" /I"C:\dev\Movid\contrib\ptypes-2.1.1\include" /IC:\dev\Movid\contrib\ /I"C:\dev\Movid\contrib\libevent-1.4.13-stable" /I"C:\dev\Movid\contrib\libevent-1.4.13-stable\WIN32-Code" /I"C:\dev\Movid\contrib\libevent-1.4.13-stable\compat" /ZI /nologo /W3 /WX- /Od /Oy- /D WIN32 /D _DEBUG /D _CONSOLE /D _MBCS /Gm /EHsc /RTC1 /MDd /GS /fp:precise /Zc:wchar_t /Zc:forScope /Fo"Debug\\" /Fd"Debug\vc100.pdb" /Gd /TC /analyze- /errorReport:prompt ..\..\contrib\bitmap_munkres\match.c ..\..\contrib\cJSON\cJSON.c
         cJSON.c
     1>c:\dev\movid\contrib\cjson\cjson.c(122): warning C4996: 'sprintf': This function or variable may be unsafe. Consider using sprintf_s instead. To disable deprecation, use _CRT_SECURE_NO_WARNINGS. See online help for details.
                 c:\program files (x86)\microsoft visual studio 10.0\vc\include\stdio.h(371): Siehe Deklaration von 'sprintf'
     1>c:\dev\movid\contrib\cjson\cjson.c(127): warning C4996: 'sprintf': This function or variable may be unsafe. Consider using sprintf_s instead. To disable deprecation, use _CRT_SECURE_NO_WARNINGS. See online help for details.
                 c:\program files (x86)\microsoft visual studio 10.0\vc\include\stdio.h(371): Siehe Deklaration von 'sprintf'
     1>c:\dev\movid\contrib\cjson\cjson.c(128): warning C4996: 'sprintf': This function or variable may be unsafe. Consider using sprintf_s instead. To disable deprecation, use _CRT_SECURE_NO_WARNINGS. See online help for details.
                 c:\program files (x86)\microsoft visual studio 10.0\vc\include\stdio.h(371): Siehe Deklaration von 'sprintf'
     1>c:\dev\movid\contrib\cjson\cjson.c(129): warning C4996: 'sprintf': This function or variable may be unsafe. Consider using sprintf_s instead. To disable deprecation, use _CRT_SECURE_NO_WARNINGS. See online help for details.
                 c:\program files (x86)\microsoft visual studio 10.0\vc\include\stdio.h(371): Siehe Deklaration von 'sprintf'
     1>c:\dev\movid\contrib\cjson\cjson.c(161): warning C4996: 'sscanf': This function or variable may be unsafe. Consider using sscanf_s instead. To disable deprecation, use _CRT_SECURE_NO_WARNINGS. See online help for details.
                 c:\program files (x86)\microsoft visual studio 10.0\vc\include\stdio.h(325): Siehe Deklaration von 'sscanf'
     1>c:\dev\movid\contrib\cjson\cjson.c(347): warning C4996: 'strcpy': This function or variable may be unsafe. Consider using strcpy_s instead. To disable deprecation, use _CRT_SECURE_NO_WARNINGS. See online help for details.
                 c:\program files (x86)\microsoft visual studio 10.0\vc\include\string.h(105): Siehe Deklaration von 'strcpy'
     1>c:\dev\movid\contrib\cjson\cjson.c(435): warning C4996: 'strcpy': This function or variable may be unsafe. Consider using strcpy_s instead. To disable deprecation, use _CRT_SECURE_NO_WARNINGS. See online help for details.
                 c:\program files (x86)\microsoft visual studio 10.0\vc\include\string.h(105): Siehe Deklaration von 'strcpy'
     1>c:\dev\movid\contrib\cjson\cjson.c(437): warning C4996: 'strcpy': This function or variable may be unsafe. Consider using strcpy_s instead. To disable deprecation, use _CRT_SECURE_NO_WARNINGS. See online help for details.
                 c:\program files (x86)\microsoft visual studio 10.0\vc\include\string.h(105): Siehe Deklaration von 'strcpy'
         match.c
         Code wird generiert...
         C:\Program Files (x86)\Microsoft Visual Studio 10.0\VC\bin\CL.exe /c /IC:\dev\Movid\contrib\cJSON /IC:\dev\Movid\contrib\bitmap_munkres /IC:\dev\Movid\contrib\XgetOpt /IC:\OpenCV2.1\include\opencv /I"C:\dev\Movid\contrib\WOscLib-00.09" /I"C:\dev\Movid\contrib\ptypes-2.1.1\include" /IC:\dev\Movid\contrib\ /I"C:\dev\Movid\contrib\libevent-1.4.13-stable" /I"C:\dev\Movid\contrib\libevent-1.4.13-stable\WIN32-Code" /I"C:\dev\Movid\contrib\libevent-1.4.13-stable\compat" /ZI /nologo /W3 /WX- /Od /Oy- /D WIN32 /D _DEBUG /D _CONSOLE /D _MBCS /Gm /EHsc /RTC1 /MDd /GS /fp:precise /Zc:wchar_t /Zc:forScope /Fo"Debug\\" /Fd"Debug\vc100.pdb" /Gd /TP /analyze- /errorReport:prompt ..\..\contrib\XgetOpt\XGetopt.cxx ..\..\src\moDaemon.cpp ..\..\src\moDataGenericContainer.cpp ..\..\src\moDataStream.cpp ..\..\src\modules\.dummy.cpp ..\..\src\modules\moAbstractBlobTrackerModule.cpp ..\..\src\modules\moAmplifyModule.cpp ..\..\src\modules\moBackgroundSubtractModule.cpp ..\..\src\modules\moBlobFinderModule.cpp ..\..\src\modules\moCalibrationModule.cpp ..\..\src\modules\moCameraModule.cpp ..\..\src\modules\moCannyModule.cpp ..\..\src\modules\moCombineModule.cpp ..\..\src\modules\moDilateModule.cpp ..\..\src\modules\moDistanceTransformModule.cpp ..\..\src\modules\moDumpModule.cpp ..\..\src\modules\moErodeModule.cpp ..\..\src\modules\moFiducialFinderModule.cpp ..\..\src\modules\moFingerTipFinderModule.cpp ..\..\src\modules\moGrayScaleModule.cpp ..\..\src\modules\moGreedyBlobTrackerModule.cpp ..\..\src\modules\moHighpassModule.cpp ..\..\src\modules\moHsvModule.cpp ..\..\src\modules\moImageDisplayModule.cpp ..\..\src\modules\moImageFilterModule.cpp ..\..\src\modules\moImageModule.cpp ..\..\src\modules\moInvertModule.cpp ..\..\src\modules\moJustifyModule.cpp ..\..\src\modules\moMaskModule.cpp ..\..\src\modules\moMirrorImageModule.cpp ..\..\src\modules\moMunkresBlobTrackerModule.cpp ..\..\src\modules\moPeakFinderModule.cpp ..\..\src\modules\moRoiModule.cpp ..\..\src\modules\moSmoothModule.cpp ..\..\src\modules\moThresholdModule.cpp ..\..\src\modules\moTuio2Module.cpp ..\..\src\modules\moTuioModule.cpp ..\..\src\modules\moVideoModule.cpp ..\..\src\modules\moYCrCbThresholdModule.cpp ..\..\src\moFactory.cpp ..\..\src\moLog.cpp ..\..\src\moModule.cpp ..\..\src\moOSC.cpp ..\..\src\moPipeline.cpp ..\..\src\moProperty.cpp ..\..\src\moThread.cpp ..\..\src\moUtils.cpp ..\..\src\movid.cpp
         movid.cpp
     1>c:\dev\movid\src\movid.cpp(416): warning C4244: 'Argument': Konvertierung von 'unsigned __int64' in 'double', möglicher Datenverlust
     1>c:\dev\movid\src\movid.cpp(879): warning C4244: 'Argument': Konvertierung von 'time_t' in 'double', möglicher Datenverlust
     1>c:\dev\movid\src\movid.cpp(930): warning C4101: 'st': Unreferenzierte lokale Variable
         moUtils.cpp
         moThread.cpp
         moProperty.cpp
     1>c:\dev\movid\src\moproperty.cpp(105): warning C4996: '_snprintf': This function or variable may be unsafe. Consider using _snprintf_s instead. To disable deprecation, use _CRT_SECURE_NO_WARNINGS. See online help for details.
                 c:\program files (x86)\microsoft visual studio 10.0\vc\include\stdio.h(363): Siehe Deklaration von '_snprintf'
     1>c:\dev\movid\src\moproperty.cpp(112): warning C4996: '_snprintf': This function or variable may be unsafe. Consider using _snprintf_s instead. To disable deprecation, use _CRT_SECURE_NO_WARNINGS. See online help for details.
                 c:\program files (x86)\microsoft visual studio 10.0\vc\include\stdio.h(363): Siehe Deklaration von '_snprintf'
         moPipeline.cpp
         moOSC.cpp
     1>c:\dev\movid\contrib\wosclib-00.09\wosctimetag.h(93): warning C4002: Zu viele übergebene Parameter für das Makro 'GetCurrentTime'
         moModule.cpp
         moLog.cpp
         moFactory.cpp
         moYCrCbThresholdModule.cpp
         moVideoModule.cpp
         moTuioModule.cpp
     1>c:\dev\movid\contrib\wosclib-00.09\wosctimetag.h(93): warning C4002: Zu viele übergebene Parameter für das Makro 'GetCurrentTime'
         moTuio2Module.cpp
     1>c:\dev\movid\contrib\wosclib-00.09\wosctimetag.h(93): warning C4002: Zu viele übergebene Parameter für das Makro 'GetCurrentTime'
         moThresholdModule.cpp
         moSmoothModule.cpp
         moRoiModule.cpp
         moPeakFinderModule.cpp
         moMunkresBlobTrackerModule.cpp
     1>c:\dev\movid\src\modules\momunkresblobtrackermodule.cpp(52): warning C4244: '=': Konvertierung von 'double' in 'int', möglicher Datenverlust
     1>c:\dev\movid\src\modules\momunkresblobtrackermodule.cpp(53): warning C4244: '=': Konvertierung von 'double' in 'int', möglicher Datenverlust
     1>c:\dev\movid\src\modules\momunkresblobtrackermodule.cpp(57): warning C4244: '=': Konvertierung von 'double' in 'int', möglicher Datenverlust
     1>c:\dev\movid\src\modules\momunkresblobtrackermodule.cpp(58): warning C4244: '=': Konvertierung von 'double' in 'int', möglicher Datenverlust
         moMirrorImageModule.cpp
         moMaskModule.cpp
         Code wird generiert...
         Kompilieren...
         moJustifyModule.cpp
     1>c:\dev\movid\src\modules\mojustifymodule.cpp(76): warning C4244: 'Initialisierung': Konvertierung von 'double' in 'float', möglicher Datenverlust
     1>c:\dev\movid\src\modules\mojustifymodule.cpp(77): warning C4244: 'Initialisierung': Konvertierung von 'double' in 'float', möglicher Datenverlust
     1>c:\dev\movid\src\modules\mojustifymodule.cpp(78): warning C4244: 'Initialisierung': Konvertierung von 'double' in 'float', möglicher Datenverlust
     1>c:\dev\movid\src\modules\mojustifymodule.cpp(79): warning C4244: 'Initialisierung': Konvertierung von 'double' in 'float', möglicher Datenverlust
     1>c:\dev\movid\src\modules\mojustifymodule.cpp(80): warning C4244: 'Initialisierung': Konvertierung von 'double' in 'float', möglicher Datenverlust
     1>c:\dev\movid\src\modules\mojustifymodule.cpp(81): warning C4244: 'Initialisierung': Konvertierung von 'double' in 'float', möglicher Datenverlust
         moInvertModule.cpp
         moImageModule.cpp
         moImageFilterModule.cpp
         moImageDisplayModule.cpp
         moHsvModule.cpp
         moHighpassModule.cpp
         moGreedyBlobTrackerModule.cpp
         moGrayScaleModule.cpp
         moFingerTipFinderModule.cpp
     1>c:\dev\movid\src\modules\mofingertipfindermodule.h(25): warning C4099: 'CvSeq': Geben Sie den zuerst unter Verwendung von 'struct' und jetzt unter Verwendung von 'class' gesehenen Namen ein
                 c:\opencv2.1\include\opencv\cxtypes.h(1233): Siehe Deklaration von 'CvSeq'
     1>c:\dev\movid\src\modules\mofingertipfindermodule.cpp(79): warning C4244: 'Argument': Konvertierung von 'double' in 'int', möglicher Datenverlust
     1>c:\dev\movid\src\modules\mofingertipfindermodule.cpp(80): warning C4244: 'Argument': Konvertierung von 'double' in 'int', möglicher Datenverlust
         moFiducialFinderModule.cpp
     1>c:\dev\movid\src\modules\mofiducialfindermodule.cpp(154): warning C4244: 'Argument': Konvertierung von 'float' in 'int', möglicher Datenverlust
     1>c:\dev\movid\src\modules\mofiducialfindermodule.cpp(154): warning C4244: 'Argument': Konvertierung von 'float' in 'int', möglicher Datenverlust
     1>c:\dev\movid\src\modules\mofiducialfindermodule.cpp(159): warning C4244: 'Argument': Konvertierung von 'float' in 'int', möglicher Datenverlust
     1>c:\dev\movid\src\modules\mofiducialfindermodule.cpp(159): warning C4244: 'Argument': Konvertierung von 'float' in 'int', möglicher Datenverlust
     1>c:\dev\movid\src\modules\mofiducialfindermodule.cpp(164): warning C4244: 'Argument': Konvertierung von 'float' in 'int', möglicher Datenverlust
     1>c:\dev\movid\src\modules\mofiducialfindermodule.cpp(164): warning C4244: 'Argument': Konvertierung von 'float' in 'int', möglicher Datenverlust
         moErodeModule.cpp
         moDumpModule.cpp
     1>c:\dev\movid\src\modules\modumpmodule.cpp(41): warning C4800: 'moDataStream *': Variable wird auf booleschen Wert ('True' oder 'False') gesetzt (Auswirkungen auf Leistungsverhalten möglich)
         moDistanceTransformModule.cpp
         moDilateModule.cpp
         moCombineModule.cpp
         moCannyModule.cpp
         moCameraModule.cpp
         moCalibrationModule.cpp
     1>c:\dev\movid\src\modules\mocalibrationmodule.cpp(119): warning C4244: 'Initialisierung': Konvertierung von 'double' in 'float', möglicher Datenverlust
     1>c:\dev\movid\src\modules\mocalibrationmodule.cpp(120): warning C4244: 'Initialisierung': Konvertierung von 'double' in 'float', möglicher Datenverlust
     1>c:\dev\movid\src\modules\mocalibrationmodule.cpp(416): warning C4244: 'Initialisierung': Konvertierung von 'double' in 'float', möglicher Datenverlust
     1>c:\dev\movid\src\modules\mocalibrationmodule.cpp(417): warning C4244: 'Initialisierung': Konvertierung von 'double' in 'float', möglicher Datenverlust
         moBlobFinderModule.cpp
         Code wird generiert...
     1>c:\dev\movid\src\modules\mofingertipfindermodule.cpp(201): warning C4700: Die nicht initialisierte lokale Variable "found_center" wurde verwendet.
         Kompilieren...
         moBackgroundSubtractModule.cpp
         moAmplifyModule.cpp
         moAbstractBlobTrackerModule.cpp
         .dummy.cpp
         moDataStream.cpp
         moDataGenericContainer.cpp
         moDaemon.cpp
         XGetopt.cxx
         Code wird generiert...
       ManifestResourceCompile:
         Alle Ausgaben sind aktuell.
       Link:
         C:\Program Files (x86)\Microsoft Visual Studio 10.0\VC\bin\link.exe /ERRORREPORT:PROMPT /OUT:"c:\dev\Movid\Movid.VS\Debug\Movid.exe" /INCREMENTAL /NOLOGO /LIBPATH:C:\dev\Movid\contrib\lib /LIBPATH:C:\OpenCV2.1\lib\Debug cv210d.lib highgui210d.lib cxcore210d.lib cvaux210d.lib eventd.lib fidtrackd.lib ptypesd.lib wosclibd.lib kernel32.lib user32.lib gdi32.lib winspool.lib comdlg32.lib advapi32.lib shell32.lib ole32.lib oleaut32.lib uuid.lib odbc32.lib odbccp32.lib /MANIFEST /ManifestFile:"Debug\Movid.exe.intermediate.manifest" /MANIFESTUAC:"level='asInvoker' uiAccess='false'" /DEBUG /PDB:"c:\dev\Movid\Movid.VS\Debug\Movid.pdb" /SUBSYSTEM:CONSOLE /TLBID:1 /DYNAMICBASE /NXCOMPAT /IMPLIB:"c:\dev\Movid\Movid.VS\Debug\Movid.lib" /MACHINE:X86 Debug\Movid.exe.embed.manifest.res
         Debug\match.obj
         Debug\cJSON.obj
         Debug\XGetopt.obj
         Debug\moDaemon.obj
         Debug\moDataGenericContainer.obj
         Debug\moDataStream.obj
         Debug\.dummy.obj
         Debug\moAbstractBlobTrackerModule.obj
         Debug\moAmplifyModule.obj
         Debug\moBackgroundSubtractModule.obj
         Debug\moBlobFinderModule.obj
         Debug\moCalibrationModule.obj
         Debug\moCameraModule.obj
         Debug\moCannyModule.obj
         Debug\moCombineModule.obj
         Debug\moDilateModule.obj
         Debug\moDistanceTransformModule.obj
         Debug\moDumpModule.obj
         Debug\moErodeModule.obj
         Debug\moFiducialFinderModule.obj
         Debug\moFingerTipFinderModule.obj
         Debug\moGrayScaleModule.obj
         Debug\moGreedyBlobTrackerModule.obj
         Debug\moHighpassModule.obj
         Debug\moHsvModule.obj
         Debug\moImageDisplayModule.obj
         Debug\moImageFilterModule.obj
         Debug\moImageModule.obj
         Debug\moInvertModule.obj
         Debug\moJustifyModule.obj
         Debug\moMaskModule.obj
         Debug\moMirrorImageModule.obj
         Debug\moMunkresBlobTrackerModule.obj
         Debug\moPeakFinderModule.obj
         Debug\moRoiModule.obj
         Debug\moSmoothModule.obj
         Debug\moThresholdModule.obj
         Debug\moTuio2Module.obj
         Debug\moTuioModule.obj
         Debug\moVideoModule.obj
         Debug\moYCrCbThresholdModule.obj
         Debug\moFactory.obj
         Debug\moLog.obj
         Debug\moModule.obj
         Debug\moOSC.obj
         Debug\moPipeline.obj
         Debug\moProperty.obj
         Debug\moThread.obj
         Debug\moUtils.obj
         Debug\movid.obj
     1>moDaemon.obj : error LNK2019: Verweis auf nicht aufgelöstes externes Symbol "__imp__WSAStartup@8" in Funktion ""public: static void __cdecl moDaemon::init(void)" (?init@moDaemon@@SAXXZ)".
     1>moDaemon.obj : error LNK2019: Verweis auf nicht aufgelöstes externes Symbol "__imp__WSACleanup@0" in Funktion ""public: static void __cdecl moDaemon::cleanup(void)" (?cleanup@moDaemon@@SAXXZ)".
     1>moOSC.obj : error LNK2019: Verweis auf nicht aufgelöstes externes Symbol "__imp__shutdown@8" in Funktion ""public: virtual __thiscall moOSC::~moOSC(void)" (??1moOSC@@UAE@XZ)".
     1>moOSC.obj : error LNK2019: Verweis auf nicht aufgelöstes externes Symbol "__imp__WSAGetLastError@0" in Funktion ""private: void __thiscall moOSC::init(void)" (?init@moOSC@@AAEXXZ)".
     1>eventd.lib(http.obj) : error LNK2001: Nicht aufgelöstes externes Symbol "__imp__WSAGetLastError@0".
     1>eventd.lib(evutil.obj) : error LNK2001: Nicht aufgelöstes externes Symbol "__imp__WSAGetLastError@0".
     1>moOSC.obj : error LNK2019: Verweis auf nicht aufgelöstes externes Symbol "__imp__socket@12" in Funktion ""private: void __thiscall moOSC::init(void)" (?init@moOSC@@AAEXXZ)".
     1>eventd.lib(http.obj) : error LNK2001: Nicht aufgelöstes externes Symbol "__imp__socket@12".
     1>eventd.lib(evutil.obj) : error LNK2001: Nicht aufgelöstes externes Symbol "__imp__socket@12".
     1>moOSC.obj : error LNK2019: Verweis auf nicht aufgelöstes externes Symbol "__imp__sendto@24" in Funktion ""public: void __thiscall moOSC::send(class WOscMessage *)" (?send@moOSC@@QAEXPAVWOscMessage@@@Z)".
     1>moOSC.obj : error LNK2019: Verweis auf nicht aufgelöstes externes Symbol "__imp__htons@4" in Funktion ""public: void __thiscall moOSC::send(class WOscMessage *)" (?send@moOSC@@QAEXPAVWOscMessage@@@Z)".
     1>moOSC.obj : error LNK2019: Verweis auf nicht aufgelöstes externes Symbol "__imp__inet_addr@4" in Funktion ""public: void __thiscall moOSC::send(class WOscMessage *)" (?send@moOSC@@QAEXPAVWOscMessage@@@Z)".
     1>eventd.lib(buffer.obj) : error LNK2019: Verweis auf nicht aufgelöstes externes Symbol "__imp__recv@16" in Funktion "_evbuffer_read".
     1>eventd.lib(signal.obj) : error LNK2001: Nicht aufgelöstes externes Symbol "__imp__recv@16".
     1>eventd.lib(buffer.obj) : error LNK2019: Verweis auf nicht aufgelöstes externes Symbol "__imp__ioctlsocket@12" in Funktion "_evbuffer_read".
     1>eventd.lib(evutil.obj) : error LNK2001: Nicht aufgelöstes externes Symbol "__imp__ioctlsocket@12".
     1>eventd.lib(buffer.obj) : error LNK2019: Verweis auf nicht aufgelöstes externes Symbol "__imp__send@16" in Funktion "_evbuffer_write".
     1>eventd.lib(signal.obj) : error LNK2001: Nicht aufgelöstes externes Symbol "__imp__send@16".
     1>eventd.lib(http.obj) : error LNK2019: Verweis auf nicht aufgelöstes externes Symbol "__imp__closesocket@4" in Funktion "_evhttp_connection_free".
     1>eventd.lib(evutil.obj) : error LNK2001: Nicht aufgelöstes externes Symbol "__imp__closesocket@4".
     1>eventd.lib(signal.obj) : error LNK2001: Nicht aufgelöstes externes Symbol "__imp__closesocket@4".
     1>eventd.lib(http.obj) : error LNK2019: Verweis auf nicht aufgelöstes externes Symbol "__imp__getsockopt@20" in Funktion "_evhttp_connectioncb".
     1>eventd.lib(http.obj) : error LNK2019: Verweis auf nicht aufgelöstes externes Symbol "__imp__listen@8" in Funktion "_evhttp_bind_socket".
     1>eventd.lib(evutil.obj) : error LNK2001: Nicht aufgelöstes externes Symbol "__imp__listen@8".
     1>eventd.lib(http.obj) : error LNK2019: Verweis auf nicht aufgelöstes externes Symbol "__imp__accept@12" in Funktion "_accept_socket".
     1>eventd.lib(evutil.obj) : error LNK2001: Nicht aufgelöstes externes Symbol "__imp__accept@12".
     1>eventd.lib(http.obj) : error LNK2019: Verweis auf nicht aufgelöstes externes Symbol "__imp__gethostbyaddr@12" in Funktion "_fake_getnameinfo".
     1>eventd.lib(http.obj) : error LNK2019: Verweis auf nicht aufgelöstes externes Symbol "__imp__inet_ntoa@4" in Funktion "_fake_getnameinfo".
     1>eventd.lib(http.obj) : error LNK2019: Verweis auf nicht aufgelöstes externes Symbol "__imp__ntohs@4" in Funktion "_fake_getnameinfo".
     1>eventd.lib(http.obj) : error LNK2019: Verweis auf nicht aufgelöstes externes Symbol "__imp__freeaddrinfo@4" in Funktion "_bind_socket".
     1>eventd.lib(http.obj) : error LNK2019: Verweis auf nicht aufgelöstes externes Symbol "__imp__WSASetLastError@4" in Funktion "_bind_socket_ai".
     1>eventd.lib(evutil.obj) : error LNK2001: Nicht aufgelöstes externes Symbol "__imp__WSASetLastError@4".
     1>eventd.lib(http.obj) : error LNK2019: Verweis auf nicht aufgelöstes externes Symbol "__imp__bind@12" in Funktion "_bind_socket_ai".
     1>eventd.lib(evutil.obj) : error LNK2001: Nicht aufgelöstes externes Symbol "__imp__bind@12".
     1>eventd.lib(http.obj) : error LNK2019: Verweis auf nicht aufgelöstes externes Symbol "__imp__setsockopt@20" in Funktion "_bind_socket_ai".
     1>eventd.lib(http.obj) : error LNK2019: Verweis auf nicht aufgelöstes externes Symbol "__imp__getaddrinfo@16" in Funktion "_make_addrinfo".
     1>eventd.lib(http.obj) : error LNK2019: Verweis auf nicht aufgelöstes externes Symbol "__imp__connect@12" in Funktion "_socket_connect".
     1>eventd.lib(evutil.obj) : error LNK2001: Nicht aufgelöstes externes Symbol "__imp__connect@12".
     1>eventd.lib(evutil.obj) : error LNK2019: Verweis auf nicht aufgelöstes externes Symbol "__imp__getsockname@12" in Funktion "_evutil_socketpair".
     1>eventd.lib(evutil.obj) : error LNK2019: Verweis auf nicht aufgelöstes externes Symbol "__imp__htonl@4" in Funktion "_evutil_socketpair".
     1>eventd.lib(win32.obj) : error LNK2019: Verweis auf nicht aufgelöstes externes Symbol "__imp__select@20" in Funktion "_win32_dispatch".
     1>c:\dev\Movid\Movid.VS\Debug\Movid.exe : fatal error LNK1120: 27 nicht aufgelöste externe Verweise.
     1>Die Erstellung des Projekts "c:\dev\Movid\Movid.VS\Movid\Movid.vcxproj" ist abgeschlossen, build Ziel(e) -- FEHLER.

Fehler beim Erstellen

Verstrichene Zeit 00:00:48.78
